\BOOKMARK [1][-]{section.1}{Abstract}{}
\BOOKMARK [1][-]{section.2}{Introduction}{}
\BOOKMARK [1][-]{section.3}{Memory Overcommitment}{}
\BOOKMARK [2][-]{subsection.3.1}{Why sharing}{section.3}
\BOOKMARK [2][-]{subsection.3.2}{Other overcommitment approaches}{section.3}
\BOOKMARK [1][-]{section.4}{Page Sharing}{}
\BOOKMARK [2][-]{subsection.4.1}{Scanning vs Disk based sharing}{section.4}
\BOOKMARK [1][-]{section.5}{KSM}{}
\BOOKMARK [2][-]{subsection.5.1}{Algorithm}{section.5}
\BOOKMARK [2][-]{subsection.5.2}{KSM comments}{section.5}
\BOOKMARK [2][-]{subsection.5.3}{Exp 1: KSM effectiveness}{section.5}
\BOOKMARK [1][-]{section.6}{Analysis of shared pages}{}
\BOOKMARK [2][-]{subsection.6.1}{By flags}{section.6}
\BOOKMARK [2][-]{subsection.6.2}{KernelMapped: This includes kernel text+data+stack, as well as any}{section.6}
\BOOKMARK [2][-]{subsection.6.3}{Anonymous}{section.6}
\BOOKMARK [2][-]{subsection.6.4}{Mapped}{section.6}
\BOOKMARK [2][-]{subsection.6.5}{PageCache}{section.6}
\BOOKMARK [2][-]{subsection.6.6}{Free}{section.6}
\BOOKMARK [2][-]{subsection.6.7}{Exp 2: Pages shared by flag type}{section.6}
\BOOKMARK [2][-]{subsection.6.8}{Exp 2.1 : KSM with no pagecache pages}{section.6}
\BOOKMARK [2][-]{subsection.6.9}{Exp 3: Page sharing over time}{section.6}
\BOOKMARK [1][-]{section.7}{Sharing Model}{}
\BOOKMARK [1][-]{section.8}{Lookahead optimization}{}
\BOOKMARK [2][-]{subsection.8.1}{Exp 5: Substrings in shared-map.}{section.8}
\BOOKMARK [2][-]{subsection.8.2}{Tracing}{section.8}
\BOOKMARK [2][-]{subsection.8.3}{Lookahead}{section.8}
\BOOKMARK [2][-]{subsection.8.4}{KSM Implementation of lookahead}{section.8}
\BOOKMARK [2][-]{subsection.8.5}{Exp 4: Lookahead success}{section.8}
\BOOKMARK [2][-]{subsection.8.6}{Performance of lookahead}{section.8}
\BOOKMARK [2][-]{subsection.8.7}{junk}{section.8}
\BOOKMARK [1][-]{section.9}{Problem of double-caching}{}
\BOOKMARK [2][-]{subsection.9.1}{QEMU caching modes}{section.9}
\BOOKMARK [2][-]{subsection.9.2}{Multi level Exclusive caching}{section.9}
\BOOKMARK [2][-]{subsection.9.3}{KSM-implementation}{section.9}
\BOOKMARK [2][-]{subsection.9.4}{Analysis}{section.9}
\BOOKMARK [2][-]{subsection.9.5}{Results}{section.9}
\BOOKMARK [2][-]{subsection.9.6}{Existing approaches}{section.9}
\BOOKMARK [2][-]{subsection.9.7}{Importance of exclusive caches.}{section.9}
\BOOKMARK [2][-]{subsection.9.8}{Exp 6: Memory savings with exclusive caches}{section.9}
\BOOKMARK [2][-]{subsection.9.9}{Exp 7: Overhead of ksm-exclusive-cache}{section.9}
\BOOKMARK [2][-]{subsection.9.10}{Exp 8: Memory mountains}{section.9}
\BOOKMARK [2][-]{subsection.9.11}{Motivation}{section.9}
\BOOKMARK [2][-]{subsection.9.12}{Related work}{section.9}
\BOOKMARK [1][-]{section.10}{Qualitative survey of dynamic memory management for VMs.}{}
\BOOKMARK [2][-]{subsection.10.1}{Tmem: cleancache, ramszwap, etc.}{section.10}
\BOOKMARK [2][-]{subsection.10.2}{Collab2}{section.10}
\BOOKMARK [2][-]{subsection.10.3}{Ballooning and Hotplug}{section.10}
\BOOKMARK [1][-]{section.11}{Improving memory management with KSM}{}
\BOOKMARK [2][-]{subsection.11.1}{Estimating WSS}{section.11}
\BOOKMARK [3][-]{subsubsection.11.1.1}{related work}{subsection.11.1}
\BOOKMARK [3][-]{subsubsection.11.1.2}{KSM Solution}{subsection.11.1}
\BOOKMARK [3][-]{subsubsection.11.1.3}{Disk buddies}{subsection.11.1}
\BOOKMARK [3][-]{subsubsection.11.1.4}{Host swapping}{subsection.11.1}
\BOOKMARK [3][-]{subsubsection.11.1.5}{someting else}{subsection.11.1}
\BOOKMARK [1][-]{section.12}{Conclusion}{}
\BOOKMARK [1][-]{section.13}{Future Work}{}
\BOOKMARK [1][-]{section.14}{References}{}
\BOOKMARK [2][-]{subsection.14.1}{Caching}{section.14}
\BOOKMARK [2][-]{subsection.14.2}{General}{section.14}
\BOOKMARK [2][-]{subsection.14.3}{page sharing}{section.14}
\BOOKMARK [2][-]{subsection.14.4}{Memory}{section.14}
